<?xml version="1.0" encoding="UTF-8"?>
<robot generator="Robot 6.1.1 (Python 3.11.5 on win32)" generated="20231021 13:25:49.913" rpa="false" schemaversion="4">
<suite id="s1" name="Demo1" source="C:\Users\DELL\PycharmProjects\pythonrobotdemos\sampledemorobot\demo1.robot">
<test id="s1-t1" name="check the demo registratin page" line="11">
<kw name="Open Browser" library="SeleniumLibrary">
<arg>${url}</arg>
<arg>${browser}</arg>
<doc>Opens a new browser instance to the optional ``url``.</doc>
<msg timestamp="20231021 13:25:50.179" level="INFO">Opening browser 'chrome' to base url 'https://demo.automationtesting.in/Register.html'.</msg>
<status status="PASS" starttime="20231021 13:25:50.176" endtime="20231021 13:26:19.360"/>
</kw>
<kw name="Maximize Browser Window" library="SeleniumLibrary">
<doc>Maximizes current browser window.</doc>
<status status="PASS" starttime="20231021 13:26:19.360" endtime="20231021 13:26:19.515"/>
</kw>
<kw name="Input Text" library="SeleniumLibrary">
<arg>//*[@id="basicBootstrapForm"]/div[1]/div[1]/input</arg>
<arg>Venkatesh</arg>
<doc>Types the given ``text`` into the text field identified by ``locator``.</doc>
<msg timestamp="20231021 13:26:19.518" level="INFO">Typing text 'Venkatesh' into text field '//*[@id="basicBootstrapForm"]/div[1]/div[1]/input'.</msg>
<status status="PASS" starttime="20231021 13:26:19.518" endtime="20231021 13:26:19.703"/>
</kw>
<kw name="Input Text" library="SeleniumLibrary">
<arg>//*[@id="basicBootstrapForm"]/div[1]/div[2]/input</arg>
<arg>Bobby</arg>
<doc>Types the given ``text`` into the text field identified by ``locator``.</doc>
<msg timestamp="20231021 13:26:19.705" level="INFO">Typing text 'Bobby' into text field '//*[@id="basicBootstrapForm"]/div[1]/div[2]/input'.</msg>
<status status="PASS" starttime="20231021 13:26:19.705" endtime="20231021 13:26:19.832"/>
</kw>
<kw name="Input Text" library="SeleniumLibrary">
<arg>//*[@id="basicBootstrapForm"]/div[2]/div/textarea</arg>
<arg>12-9-17/1,kotla vari street,kovvur,534350,ap</arg>
<doc>Types the given ``text`` into the text field identified by ``locator``.</doc>
<msg timestamp="20231021 13:26:19.836" level="INFO">Typing text '12-9-17/1,kotla vari street,kovvur,534350,ap' into text field '//*[@id="basicBootstrapForm"]/div[2]/div/textarea'.</msg>
<status status="PASS" starttime="20231021 13:26:19.836" endtime="20231021 13:26:20.079"/>
</kw>
<kw name="Input Text" library="SeleniumLibrary">
<arg>//*[@id="eid"]/input</arg>
<arg>venkateshbobby30@gmail.com</arg>
<doc>Types the given ``text`` into the text field identified by ``locator``.</doc>
<msg timestamp="20231021 13:26:20.080" level="INFO">Typing text 'venkateshbobby30@gmail.com' into text field '//*[@id="eid"]/input'.</msg>
<status status="PASS" starttime="20231021 13:26:20.079" endtime="20231021 13:26:20.333"/>
</kw>
<kw name="Input Text" library="SeleniumLibrary">
<arg>//*[@id="basicBootstrapForm"]/div[4]/div/input</arg>
<arg>9494682233</arg>
<doc>Types the given ``text`` into the text field identified by ``locator``.</doc>
<msg timestamp="20231021 13:26:20.333" level="INFO">Typing text '9494682233' into text field '//*[@id="basicBootstrapForm"]/div[4]/div/input'.</msg>
<status status="PASS" starttime="20231021 13:26:20.333" endtime="20231021 13:26:20.597"/>
</kw>
<kw name="Click Element" library="SeleniumLibrary">
<arg>//*[@id="basicBootstrapForm"]/div[5]/div/label[1]/input</arg>
<doc>Click the element identified by ``locator``.</doc>
<msg timestamp="20231021 13:26:20.597" level="INFO">Clicking element '//*[@id="basicBootstrapForm"]/div[5]/div/label[1]/input'.</msg>
<status status="PASS" starttime="20231021 13:26:20.597" endtime="20231021 13:26:20.684"/>
</kw>
<kw name="Click Element" library="SeleniumLibrary">
<arg>checkbox1</arg>
<doc>Click the element identified by ``locator``.</doc>
<msg timestamp="20231021 13:26:20.684" level="INFO">Clicking element 'checkbox1'.</msg>
<status status="PASS" starttime="20231021 13:26:20.684" endtime="20231021 13:26:20.751"/>
</kw>
<kw name="Click Element" library="SeleniumLibrary">
<arg>checkbox2</arg>
<doc>Click the element identified by ``locator``.</doc>
<msg timestamp="20231021 13:26:20.751" level="INFO">Clicking element 'checkbox2'.</msg>
<status status="PASS" starttime="20231021 13:26:20.751" endtime="20231021 13:26:20.818"/>
</kw>
<kw name="Click Element" library="SeleniumLibrary">
<arg>msdd</arg>
<doc>Click the element identified by ``locator``.</doc>
<msg timestamp="20231021 13:26:20.820" level="INFO">Clicking element 'msdd'.</msg>
<status status="PASS" starttime="20231021 13:26:20.820" endtime="20231021 13:26:20.915"/>
</kw>
<kw name="Click Element" library="SeleniumLibrary">
<arg>//a[text()="Russian"]</arg>
<doc>Click the element identified by ``locator``.</doc>
<msg timestamp="20231021 13:26:20.916" level="INFO">Clicking element '//a[text()="Russian"]'.</msg>
<status status="PASS" starttime="20231021 13:26:20.915" endtime="20231021 13:26:20.974"/>
</kw>
<kw name="Click Element" library="SeleniumLibrary">
<arg>//a[text()="French"]</arg>
<doc>Click the element identified by ``locator``.</doc>
<msg timestamp="20231021 13:26:20.979" level="INFO">Clicking element '//a[text()="French"]'.</msg>
<status status="PASS" starttime="20231021 13:26:20.978" endtime="20231021 13:26:21.038"/>
</kw>
<kw name="Select From List By Label" library="SeleniumLibrary">
<arg>Skills</arg>
<arg>C++</arg>
<doc>Selects options from selection list ``locator`` by ``labels``.</doc>
<msg timestamp="20231021 13:26:21.038" level="INFO">Selecting options from selection list 'Skills' by label C++.</msg>
<status status="PASS" starttime="20231021 13:26:21.038" endtime="20231021 13:26:21.132"/>
</kw>
<kw name="Click Element" library="SeleniumLibrary">
<arg>//*[@id="basicBootstrapForm"]/div[10]/div/span/span[1]/span/span[2]</arg>
<doc>Click the element identified by ``locator``.</doc>
<msg timestamp="20231021 13:26:21.132" level="INFO">Clicking element '//*[@id="basicBootstrapForm"]/div[10]/div/span/span[1]/span/span[2]'.</msg>
<status status="PASS" starttime="20231021 13:26:21.132" endtime="20231021 13:26:21.203"/>
</kw>
<kw name="Click Element" library="SeleniumLibrary">
<arg>//li[text()="Australia"]</arg>
<doc>Click the element identified by ``locator``.</doc>
<msg timestamp="20231021 13:26:21.203" level="INFO">Clicking element '//li[text()="Australia"]'.</msg>
<status status="PASS" starttime="20231021 13:26:21.203" endtime="20231021 13:26:21.279"/>
</kw>
<kw name="Select From List By Label" library="SeleniumLibrary">
<arg>yearbox</arg>
<arg>1996</arg>
<doc>Selects options from selection list ``locator`` by ``labels``.</doc>
<msg timestamp="20231021 13:26:21.279" level="INFO">Selecting options from selection list 'yearbox' by label 1996.</msg>
<status status="PASS" starttime="20231021 13:26:21.279" endtime="20231021 13:26:21.374"/>
</kw>
<kw name="Select From List By Label" library="SeleniumLibrary">
<arg>//*[@id="basicBootstrapForm"]/div[11]/div[2]/select</arg>
<arg>May</arg>
<doc>Selects options from selection list ``locator`` by ``labels``.</doc>
<msg timestamp="20231021 13:26:21.384" level="INFO">Selecting options from selection list '//*[@id="basicBootstrapForm"]/div[11]/div[2]/select' by label May.</msg>
<status status="PASS" starttime="20231021 13:26:21.383" endtime="20231021 13:26:21.468"/>
</kw>
<kw name="Select From List By Label" library="SeleniumLibrary">
<arg>daybox</arg>
<arg>30</arg>
<doc>Selects options from selection list ``locator`` by ``labels``.</doc>
<msg timestamp="20231021 13:26:21.468" level="INFO">Selecting options from selection list 'daybox' by label 30.</msg>
<status status="PASS" starttime="20231021 13:26:21.468" endtime="20231021 13:26:21.537"/>
</kw>
<kw name="Input Text" library="SeleniumLibrary">
<arg>firstpassword</arg>
<arg>V9494682233</arg>
<doc>Types the given ``text`` into the text field identified by ``locator``.</doc>
<msg timestamp="20231021 13:26:21.540" level="INFO">Typing text 'V9494682233' into text field 'firstpassword'.</msg>
<status status="PASS" starttime="20231021 13:26:21.537" endtime="20231021 13:26:21.689"/>
</kw>
<kw name="Input Text" library="SeleniumLibrary">
<arg>secondpassword</arg>
<arg>V9494682233</arg>
<doc>Types the given ``text`` into the text field identified by ``locator``.</doc>
<msg timestamp="20231021 13:26:21.690" level="INFO">Typing text 'V9494682233' into text field 'secondpassword'.</msg>
<status status="PASS" starttime="20231021 13:26:21.689" endtime="20231021 13:26:21.829"/>
</kw>
<kw name="Click Element" library="SeleniumLibrary">
<arg>submitbtn</arg>
<doc>Click the element identified by ``locator``.</doc>
<msg timestamp="20231021 13:26:21.830" level="INFO">Clicking element 'submitbtn'.</msg>
<status status="PASS" starttime="20231021 13:26:21.829" endtime="20231021 13:26:21.910"/>
</kw>
<kw name="Sleep" library="BuiltIn">
<arg>20</arg>
<doc>Pauses the test executed for the given time.</doc>
<msg timestamp="20231021 13:26:41.914" level="INFO">Slept 20 seconds</msg>
<status status="PASS" starttime="20231021 13:26:21.910" endtime="20231021 13:26:41.914"/>
</kw>
<status status="PASS" starttime="20231021 13:25:50.176" endtime="20231021 13:26:41.914"/>
</test>
<status status="PASS" starttime="20231021 13:25:49.913" endtime="20231021 13:26:41.914"/>
</suite>
<statistics>
<total>
<stat pass="1" fail="0" skip="0">All Tests</stat>
</total>
<tag>
</tag>
<suite>
<stat pass="1" fail="0" skip="0" id="s1" name="Demo1">Demo1</stat>
</suite>
</statistics>
<errors>
</errors>
</robot>
